<?xml version="1.0" encoding="UTF-8"?>
<!-- Generated by org.testng.reporters.JUnitXMLReporter -->
<testsuite ignored="0" hostname="Argano-9P32ZP3" failures="0" tests="3" name="Configuring Labels And Tags" time="335.424" errors="0" timestamp="2023-10-18T15:29:58 IST">
  <testcase classname="com.qa.AD_ID.tests.LabelsAndTagsConfiguration" name="logintoCPQ" time="7.768"/>
  <testcase classname="com.qa.AD_ID.tests.LabelsAndTagsConfiguration" name="LoginToSalesCloud" time="11.357"/>
  <testcase classname="com.qa.AD_ID.tests.LabelsAndTagsConfiguration" name="labelsAndTagsConfiguration" time="289.696"/>
</testsuite> <!-- Configuring Labels And Tags -->
