<?xml version="1.0" encoding="UTF-8"?>
<testng-results ignored="0" total="3" passed="3" failed="0" skipped="0">
  <reporter-output>
  </reporter-output>
  <suite started-at="2023-10-18T15:24:22 IST" name="AD ID Solution Suite" finished-at="2023-10-18T15:29:58 IST" duration-ms="335424">
    <groups>
    </groups>
    <test started-at="2023-10-18T15:24:22 IST" name="Configuring Labels And Tags" finished-at="2023-10-18T15:29:58 IST" duration-ms="335424">
      <class name="com.qa.AD_ID.tests.LabelsAndTagsConfiguration">
        <test-method is-config="true" signature="setup(java.lang.String)[pri:0, instance:com.qa.AD_ID.tests.LabelsAndTagsConfiguration@2ead6ba4]" started-at="2023-10-18T15:24:22 IST" name="setup" finished-at="2023-10-18T15:24:47 IST" duration-ms="24629" status="PASS">
          <params>
            <param index="0">
              <value>
                <![CDATA[chrome]]>
              </value>
            </param>
          </params>
          <reporter-output>
          </reporter-output>
        </test-method> <!-- setup -->
        <test-method signature="logintoCPQ()[pri:1, instance:com.qa.AD_ID.tests.LabelsAndTagsConfiguration@2ead6ba4]" started-at="2023-10-18T15:24:47 IST" name="logintoCPQ" finished-at="2023-10-18T15:24:55 IST" duration-ms="7768" status="PASS">
          <reporter-output>
          </reporter-output>
        </test-method> <!-- logintoCPQ -->
        <test-method signature="LoginToSalesCloud()[pri:2, instance:com.qa.AD_ID.tests.LabelsAndTagsConfiguration@2ead6ba4]" started-at="2023-10-18T15:24:55 IST" name="LoginToSalesCloud" finished-at="2023-10-18T15:25:07 IST" duration-ms="11357" status="PASS">
          <reporter-output>
          </reporter-output>
        </test-method> <!-- LoginToSalesCloud -->
        <test-method signature="labelsAndTagsConfiguration()[pri:2, instance:com.qa.AD_ID.tests.LabelsAndTagsConfiguration@2ead6ba4]" started-at="2023-10-18T15:25:07 IST" name="labelsAndTagsConfiguration" finished-at="2023-10-18T15:29:57 IST" duration-ms="289696" status="PASS">
          <reporter-output>
          </reporter-output>
        </test-method> <!-- labelsAndTagsConfiguration -->
        <test-method is-config="true" signature="tearDown()[pri:0, instance:com.qa.AD_ID.tests.LabelsAndTagsConfiguration@2ead6ba4]" started-at="2023-10-18T15:29:57 IST" name="tearDown" finished-at="2023-10-18T15:29:58 IST" duration-ms="318" status="PASS">
          <reporter-output>
          </reporter-output>
        </test-method> <!-- tearDown -->
      </class> <!-- com.qa.AD_ID.tests.LabelsAndTagsConfiguration -->
    </test> <!-- Configuring Labels And Tags -->
  </suite> <!-- AD ID Solution Suite -->
</testng-results>
